ellofae-validator2023/02/26 15:49:56 logger.go:14: error: possible values - uint8, uint16, uint32, uint64, uint (current field type: int64) (data type: *main.MyType)
ellofae-validator2023/02/26 15:49:56 validate_struct.go:87: error: possible values - uint8, uint16, uint32, uint64, uint (current field type: int64)
ellofae-validator2023/02/26 15:49:56 validate_struct.go:87: error: regex expression was not satisfied
ellofae-validator2023/02/26 15:49:56 validate_struct.go:93: Struct '*main.MyType' is NOT valid
ellofae-validator2023/02/26 16:14:54 logger.go:14: error: possible values - uint8, uint16, uint32, uint64, uint (current field type: int64) (data type: *struct { IntField int64; StringField string; NilPtrField *int })
ellofae-validator2023/02/26 16:14:54 logger.go:14: error: possible values - uint8, uint16, uint32, uint64, uint (current field type: int64) (data type: *struct { IntField int64; StringField string; NilPtrField *int })
ellofae-validator2023/02/26 16:15:08 logger.go:14: error: possible values - uint8, uint16, uint32, uint64, uint (current field type: int64) (data type: *struct { IntField int64; StringField string; NilPtrField *int })
ellofae-validator2023/02/26 16:15:08 logger.go:14: error: possible values - uint8, uint16, uint32, uint64, uint (current field type: int64) (data type: *struct { IntField int64; StringField string; NilPtrField *int })
ellofae-validator2023/02/26 16:23:25 logger.go:14: error: possible values - uint8, uint16, uint32, uint64, uint (current field type: int64) (data type: *struct { IntField int64; StringField string; NilPtrField *int })
ellofae-validator2023/02/26 16:23:25 logger.go:14: error: possible values - uint8, uint16, uint32, uint64, uint (current field type: int64) (data type: *struct { IntField int64; StringField string; NilPtrField *int })
ellofae-validator2023/02/26 16:23:25 logger.go:14: error: possible values - uint8, uint16, uint32, uint64, uint (current field type: int64) (data type: *struct { IntField int64; StringField string; NilPtrField *int })
ellofae-validator2023/02/26 16:23:25 logger.go:14: error: possible values - uint8, uint16, uint32, uint64, uint (current field type: int64) (data type: *struct { IntField int64; StringField string; NilPtrField *int })
ellofae-validator2023/02/26 16:23:25 logger.go:14: error: possible values - uint8, uint16, uint32, uint64, uint (current field type: int64) (data type: *struct { IntField int64; StringField string; NilPtrField *int })
ellofae-validator2023/02/26 16:23:25 logger.go:14: error: string's length is beyond the limit of min value or max value (current string's length: 0) (data type: *struct { IntField int64; StringField string; NilPtrField *int })
ellofae-validator2023/02/26 16:23:25 logger.go:14: error: string's length is beyond the limit of min value or max value (current string's length: 4) (data type: *struct { IntField int64; StringField string; NilPtrField *int })
ellofae-validator2023/02/26 16:23:25 logger.go:14: error: string's length is beyond the limit of min value or max value (current string's length: 6) (data type: *struct { IntField int64; StringField string; NilPtrField *int })
ellofae-validator2023/02/26 16:23:25 logger.go:14: error: string's length is beyond the limit of min value or max value (current string's length: 9) (data type: *struct { IntField int64; StringField string; NilPtrField *int })
ellofae-validator2023/02/26 16:23:25 logger.go:14: error: string's length is beyond the limit of min value or max value (current string's length: 4) (data type: *struct { IntField int64; StringField string; NilPtrField *int })
ellofae-validator2023/02/26 16:23:25 logger.go:14: error: string's length is beyond the limit of min value or max value (current string's length: 0) (data type: *struct { IntField int64; StringField string; NilPtrField *int })
ellofae-validator2023/02/26 16:23:25 logger.go:14: %!w(<nil>) (data type: *struct { IntField int64; StringField string; NilPtrField *int })
ellofae-validator2023/02/26 16:23:25 logger.go:14: %!w(<nil>) (data type: *struct { IntField int64; StringField string; NilPtrField *int })
ellofae-validator2023/02/26 16:23:25 logger.go:14: %!w(<nil>) (data type: *struct { IntField int64; StringField string; NilPtrField *int })
ellofae-validator2023/02/26 16:23:25 logger.go:14: %!w(<nil>) (data type: *struct { IntField int64; StringField string; NilPtrField *int })
ellofae-validator2023/02/26 16:23:25 logger.go:14: %!w(<nil>) (data type: *struct { IntField int64; StringField string; NilPtrField *int })
ellofae-validator2023/02/26 16:23:25 logger.go:14: %!w(<nil>) (data type: *struct { IntField int64; StringField string; NilPtrField *int })
ellofae-validator2023/02/26 16:23:25 logger.go:14: %!w(<nil>) (data type: *struct { IntField int64; StringField string; NilPtrField *int })
ellofae-validator2023/02/26 16:23:25 logger.go:14: %!w(<nil>) (data type: *struct { IntField int64; StringField string; NilPtrField *int })
ellofae-validator2023/02/26 16:23:25 logger.go:14: %!w(<nil>) (data type: *struct { IntField int64; StringField string; NilPtrField *int })
ellofae-validator2023/02/26 16:24:05 logger.go:14: error: possible values - uint8, uint16, uint32, uint64, uint (current field type: int64) (data type: *struct { IntField int64; StringField string; NilPtrField *int })
ellofae-validator2023/02/26 16:24:05 logger.go:14: error: possible values - uint8, uint16, uint32, uint64, uint (current field type: int64) (data type: *struct { IntField int64; StringField string; NilPtrField *int })
ellofae-validator2023/02/26 16:24:05 logger.go:14: error: possible values - uint8, uint16, uint32, uint64, uint (current field type: int64) (data type: *struct { IntField int64; StringField string; NilPtrField *int })
ellofae-validator2023/02/26 16:24:05 logger.go:14: error: possible values - uint8, uint16, uint32, uint64, uint (current field type: int64) (data type: *struct { IntField int64; StringField string; NilPtrField *int })
ellofae-validator2023/02/26 16:24:05 logger.go:14: error: possible values - uint8, uint16, uint32, uint64, uint (current field type: int64) (data type: *struct { IntField int64; StringField string; NilPtrField *int })
ellofae-validator2023/02/26 16:24:05 logger.go:14: error: string's length is beyond the limit of min value or max value (current string's length: 0) (data type: *struct { IntField int64; StringField string; NilPtrField *int })
ellofae-validator2023/02/26 16:24:05 logger.go:14: error: string's length is beyond the limit of min value or max value (current string's length: 4) (data type: *struct { IntField int64; StringField string; NilPtrField *int })
ellofae-validator2023/02/26 16:24:05 logger.go:14: error: string's length is beyond the limit of min value or max value (current string's length: 6) (data type: *struct { IntField int64; StringField string; NilPtrField *int })
ellofae-validator2023/02/26 16:24:05 logger.go:14: error: string's length is beyond the limit of min value or max value (current string's length: 9) (data type: *struct { IntField int64; StringField string; NilPtrField *int })
ellofae-validator2023/02/26 16:24:05 logger.go:14: error: string's length is beyond the limit of min value or max value (current string's length: 4) (data type: *struct { IntField int64; StringField string; NilPtrField *int })
ellofae-validator2023/02/26 16:24:05 logger.go:14: error: string's length is beyond the limit of min value or max value (current string's length: 0) (data type: *struct { IntField int64; StringField string; NilPtrField *int })
ellofae-validator2023/02/26 16:24:05 logger.go:14: %!w(<nil>) (data type: *struct { IntField int64; StringField string; NilPtrField *int })
ellofae-validator2023/02/26 16:24:05 logger.go:14: %!w(<nil>) (data type: *struct { IntField int64; StringField string; NilPtrField *int })
ellofae-validator2023/02/26 16:24:05 logger.go:14: %!w(<nil>) (data type: *struct { IntField int64; StringField string; NilPtrField *int })
ellofae-validator2023/02/26 16:24:05 logger.go:14: %!w(<nil>) (data type: *struct { IntField int64; StringField string; NilPtrField *int })
ellofae-validator2023/02/26 16:24:05 logger.go:14: %!w(<nil>) (data type: *struct { IntField int64; StringField string; NilPtrField *int })
ellofae-validator2023/02/26 16:24:05 logger.go:14: %!w(<nil>) (data type: *struct { IntField int64; StringField string; NilPtrField *int })
ellofae-validator2023/02/26 16:24:05 logger.go:14: %!w(<nil>) (data type: *struct { IntField int64; StringField string; NilPtrField *int })
ellofae-validator2023/02/26 16:24:05 logger.go:14: %!w(<nil>) (data type: *struct { IntField int64; StringField string; NilPtrField *int })
ellofae-validator2023/02/26 16:24:05 logger.go:14: %!w(<nil>) (data type: *struct { IntField int64; StringField string; NilPtrField *int })
ellofae-validator2023/02/26 16:24:31 logger.go:14: error: possible values - uint8, uint16, uint32, uint64, uint (current field type: int64) (data type: *struct { IntField int64; StringField string; NilPtrField *int })
ellofae-validator2023/02/26 16:24:31 logger.go:14: error: possible values - uint8, uint16, uint32, uint64, uint (current field type: int64) (data type: *struct { IntField int64; StringField string; NilPtrField *int })
ellofae-validator2023/02/26 16:24:31 logger.go:14: error: possible values - uint8, uint16, uint32, uint64, uint (current field type: int64) (data type: *struct { IntField int64; StringField string; NilPtrField *int })
ellofae-validator2023/02/26 16:24:31 logger.go:14: error: possible values - uint8, uint16, uint32, uint64, uint (current field type: int64) (data type: *struct { IntField int64; StringField string; NilPtrField *int })
ellofae-validator2023/02/26 16:24:31 logger.go:14: error: possible values - uint8, uint16, uint32, uint64, uint (current field type: int64) (data type: *struct { IntField int64; StringField string; NilPtrField *int })
ellofae-validator2023/02/26 16:24:31 logger.go:14: error: string's length is beyond the limit of min value or max value (current string's length: 0) (data type: *struct { IntField int64; StringField string; NilPtrField *int })
ellofae-validator2023/02/26 16:24:31 logger.go:14: error: string's length is beyond the limit of min value or max value (current string's length: 4) (data type: *struct { IntField int64; StringField string; NilPtrField *int })
ellofae-validator2023/02/26 16:24:31 logger.go:14: error: string's length is beyond the limit of min value or max value (current string's length: 6) (data type: *struct { IntField int64; StringField string; NilPtrField *int })
ellofae-validator2023/02/26 16:24:31 logger.go:14: error: string's length is beyond the limit of min value or max value (current string's length: 9) (data type: *struct { IntField int64; StringField string; NilPtrField *int })
ellofae-validator2023/02/26 16:24:31 logger.go:14: error: string's length is beyond the limit of min value or max value (current string's length: 4) (data type: *struct { IntField int64; StringField string; NilPtrField *int })
ellofae-validator2023/02/26 16:24:31 logger.go:14: error: string's length is beyond the limit of min value or max value (current string's length: 0) (data type: *struct { IntField int64; StringField string; NilPtrField *int })
ellofae-validator2023/02/26 16:24:31 logger.go:14: %!w(<nil>) (data type: *struct { IntField int64; StringField string; NilPtrField *int })
ellofae-validator2023/02/26 16:24:31 logger.go:14: %!w(<nil>) (data type: *struct { IntField int64; StringField string; NilPtrField *int })
ellofae-validator2023/02/26 16:24:31 logger.go:14: %!w(<nil>) (data type: *struct { IntField int64; StringField string; NilPtrField *int })
ellofae-validator2023/02/26 16:24:31 logger.go:14: %!w(<nil>) (data type: *struct { IntField int64; StringField string; NilPtrField *int })
ellofae-validator2023/02/26 16:24:31 logger.go:14: error: field cannot be nil because of the non-nil field value requirement (data type: *struct { IntField int64; StringField string; NilPtrField *int })
ellofae-validator2023/02/26 16:24:31 logger.go:14: error: field cannot be nil because of the non-nil field value requirement (data type: *struct { IntField int64; StringField string; NilPtrField *int })
ellofae-validator2023/02/26 16:24:31 logger.go:14: error: field cannot be nil because of the non-nil field value requirement (data type: *struct { IntField int64; StringField string; NilPtrField *int })
ellofae-validator2023/02/26 16:24:31 logger.go:14: error: field cannot be nil because of the non-nil field value requirement (data type: *struct { IntField int64; StringField string; NilPtrField *int })
ellofae-validator2023/02/26 16:24:31 logger.go:14: %!w(<nil>) (data type: *struct { IntField int64; StringField string; NilPtrField *int })
ellofae-validator2023/02/26 16:25:34 logger.go:14: error: possible values - uint8, uint16, uint32, uint64, uint (current field type: int64) (data type: *struct { IntField int64; StringField string; NilPtrField *int })
ellofae-validator2023/02/26 16:25:34 logger.go:14: error: possible values - uint8, uint16, uint32, uint64, uint (current field type: int64) (data type: *struct { IntField int64; StringField string; NilPtrField *int })
ellofae-validator2023/02/26 16:25:34 logger.go:14: error: possible values - uint8, uint16, uint32, uint64, uint (current field type: int64) (data type: *struct { IntField int64; StringField string; NilPtrField *int })
ellofae-validator2023/02/26 16:25:34 logger.go:14: error: possible values - uint8, uint16, uint32, uint64, uint (current field type: int64) (data type: *struct { IntField int64; StringField string; NilPtrField *int })
ellofae-validator2023/02/26 16:25:34 logger.go:14: error: string's length is beyond the limit of min value or max value (current string's length: 4) (data type: *struct { IntField int64; StringField string; NilPtrField *int })
ellofae-validator2023/02/26 16:25:34 logger.go:14: error: string's length is beyond the limit of min value or max value (current string's length: 6) (data type: *struct { IntField int64; StringField string; NilPtrField *int })
ellofae-validator2023/02/26 16:25:34 logger.go:14: error: string's length is beyond the limit of min value or max value (current string's length: 9) (data type: *struct { IntField int64; StringField string; NilPtrField *int })
ellofae-validator2023/02/26 16:25:34 logger.go:14: error: string's length is beyond the limit of min value or max value (current string's length: 4) (data type: *struct { IntField int64; StringField string; NilPtrField *int })
ellofae-validator2023/02/26 16:25:34 logger.go:14: %!w(<nil>) (data type: *struct { IntField int64; StringField string; NilPtrField *int })
ellofae-validator2023/02/26 16:25:34 logger.go:14: %!w(<nil>) (data type: *struct { IntField int64; StringField string; NilPtrField *int })
ellofae-validator2023/02/26 16:25:34 logger.go:14: %!w(<nil>) (data type: *struct { IntField int64; StringField string; NilPtrField *int })
ellofae-validator2023/02/26 16:25:34 logger.go:14: %!w(<nil>) (data type: *struct { IntField int64; StringField string; NilPtrField *int })
ellofae-validator2023/02/26 16:25:34 logger.go:14: error: field cannot be nil because of the non-nil field value requirement (data type: *struct { IntField int64; StringField string; NilPtrField *int })
ellofae-validator2023/02/26 16:25:34 logger.go:14: error: field cannot be nil because of the non-nil field value requirement (data type: *struct { IntField int64; StringField string; NilPtrField *int })
ellofae-validator2023/02/26 16:25:34 logger.go:14: error: field cannot be nil because of the non-nil field value requirement (data type: *struct { IntField int64; StringField string; NilPtrField *int })
ellofae-validator2023/02/26 16:25:34 logger.go:14: %!w(<nil>) (data type: *struct { IntField int64; StringField string; NilPtrField *int })
ellofae-validator2023/02/26 16:32:38 logger.go:14: %!w(<nil>) (data type: *validation.MyType)
ellofae-validator2023/02/26 16:32:38 logger.go:14: error: string's length is beyond the limit of min value or max value (current string's length: 10) (data type: *validation.MyType)
ellofae-validator2023/02/26 16:32:38 logger.go:14: %!w(<nil>) (data type: *validation.MyType)
ellofae-validator2023/02/26 16:32:38 logger.go:14: %!w(<nil>) (data type: *validation.MyType)
ellofae-validator2023/02/26 16:32:38 logger.go:14: error: regex expression was not satisfied (data type: *validation.MyType)
ellofae-validator2023/02/26 16:33:54 logger.go:14: error: possible values - uint8, uint16, uint32, uint64, uint (current field type: int) (data type: *validation.MyType)
ellofae-validator2023/02/26 16:33:54 logger.go:14: error: string's length is beyond the limit of min value or max value (current string's length: 10) (data type: *validation.MyType)
ellofae-validator2023/02/26 16:33:54 logger.go:14: %!w(<nil>) (data type: *validation.MyType)
ellofae-validator2023/02/26 16:33:54 logger.go:14: %!w(<nil>) (data type: *validation.MyType)
ellofae-validator2023/02/26 16:33:54 logger.go:14: error: regex expression was not satisfied (data type: *validation.MyType)
ellofae-validator2023/02/26 16:35:13 logger.go:14: error: possible values - uint8, uint16, uint32, uint64, uint (current field type: int) (data type: *validation.MyType)
ellofae-validator2023/02/26 16:35:13 logger.go:14: error: string's length is beyond the limit of min value or max value (current string's length: 10) (data type: *validation.MyType)
ellofae-validator2023/02/26 16:35:13 logger.go:14: %!w(<nil>) (data type: *validation.MyType)
ellofae-validator2023/02/26 16:35:13 logger.go:14: %!w(<nil>) (data type: *validation.MyType)
ellofae-validator2023/02/26 16:35:13 logger.go:14: error: regex expression was not satisfied (data type: *validation.MyType)
ellofae-validator2023/02/26 16:35:13 logger.go:14: error: field cannot be nil because of the non-nil field value requirement (data type: *validation.MyType)
ellofae-validator2023/02/26 16:35:28 logger.go:14: error: possible values - uint8, uint16, uint32, uint64, uint (current field type: int) (data type: *validation.MyType)
ellofae-validator2023/02/26 16:35:28 logger.go:14: error: string's length is beyond the limit of min value or max value (current string's length: 10) (data type: *validation.MyType)
ellofae-validator2023/02/26 16:35:28 logger.go:14: %!w(<nil>) (data type: *validation.MyType)
ellofae-validator2023/02/26 16:35:28 logger.go:14: %!w(<nil>) (data type: *validation.MyType)
ellofae-validator2023/02/26 16:35:28 logger.go:14: error: regex expression was not satisfied (data type: *validation.MyType)
ellofae-validator2023/02/26 16:35:28 logger.go:14: error: field cannot be nil because of the non-nil field value requirement (data type: *validation.MyType)
ellofae-validator2023/02/26 16:35:28 logger.go:14: error: field cannot be nil because of the non-nil field value requirement (data type: *validation.MyType)
ellofae-validator2023/02/26 16:36:00 logger.go:14: error: possible values - uint8, uint16, uint32, uint64, uint (current field type: int) (data type: *validation.MyType)
ellofae-validator2023/02/26 16:36:00 logger.go:14: error: string's length is beyond the limit of min value or max value (current string's length: 10) (data type: *validation.MyType)
ellofae-validator2023/02/26 16:36:00 logger.go:14: %!w(<nil>) (data type: *validation.MyType)
ellofae-validator2023/02/26 16:36:00 logger.go:14: %!w(<nil>) (data type: *validation.MyType)
ellofae-validator2023/02/26 16:36:00 logger.go:14: error: regex expression was not satisfied (data type: *validation.MyType)
ellofae-validator2023/02/26 16:36:00 logger.go:14: error: field cannot be nil because of the non-nil field value requirement (data type: *validation.MyType)
ellofae-validator2023/02/26 16:36:00 logger.go:14: %!w(<nil>) (data type: *validation.MyType)
ellofae-validator2023/02/26 16:39:18 logger.go:14: error: possible values - uint8, uint16, uint32, uint64, uint (current field type: int) (data type: *validation.MyType)
ellofae-validator2023/02/26 16:39:18 logger.go:14: error: string's length is beyond the limit of min value or max value (current string's length: 10) (data type: *validation.MyType)
ellofae-validator2023/02/26 16:39:18 logger.go:14: %!w(<nil>) (data type: *validation.MyType)
ellofae-validator2023/02/26 16:39:18 logger.go:14: %!w(<nil>) (data type: *validation.MyType)
ellofae-validator2023/02/26 16:39:18 logger.go:14: error: regex expression was not satisfied (data type: *validation.MyType)
ellofae-validator2023/02/26 16:39:18 logger.go:14: error: field cannot be nil because of the non-nil field value requirement (data type: *validation.MyType)
ellofae-validator2023/02/26 16:39:18 logger.go:14: %!w(<nil>) (data type: *validation.MyType)
ellofae-validator2023/02/26 16:40:00 logger.go:14: error: possible values - uint8, uint16, uint32, uint64, uint (current field type: int) (data type: *validation.MyType)
ellofae-validator2023/02/26 16:40:00 logger.go:14: error: string's length is beyond the limit of min value or max value (current string's length: 10) (data type: *validation.MyType)
ellofae-validator2023/02/26 16:40:00 logger.go:14: %!w(<nil>) (data type: *validation.MyType)
ellofae-validator2023/02/26 16:40:00 logger.go:14: %!w(<nil>) (data type: *validation.MyType)
ellofae-validator2023/02/26 16:40:00 logger.go:14: error: regex expression was not satisfied (data type: *validation.MyType)
ellofae-validator2023/02/26 16:40:00 logger.go:14: error: field cannot be nil because of the non-nil field value requirement (data type: *validation.MyType)
ellofae-validator2023/02/26 16:40:00 logger.go:14: %!w(<nil>) (data type: *validation.MyType)
ellofae-validator2023/02/26 16:41:04 logger.go:14: error: possible values - uint8, uint16, uint32, uint64, uint (current field type: int) (data type: *validation.MyType)
ellofae-validator2023/02/26 16:41:04 logger.go:14: error: string's length is beyond the limit of min value or max value (current string's length: 10) (data type: *validation.MyType)
ellofae-validator2023/02/26 16:41:04 logger.go:14: %!w(<nil>) (data type: *validation.MyType)
ellofae-validator2023/02/26 16:41:04 logger.go:14: %!w(<nil>) (data type: *validation.MyType)
ellofae-validator2023/02/26 16:41:04 logger.go:14: error: regex expression was not satisfied (data type: *validation.MyType)
ellofae-validator2023/02/26 16:41:04 logger.go:14: error: field cannot be nil because of the non-nil field value requirement (data type: *validation.MyType)
ellofae-validator2023/02/26 16:41:04 logger.go:14: %!w(<nil>) (data type: *validation.MyType)
ellofae-validator2023/02/26 16:41:24 logger.go:14: error: possible values - uint8, uint16, uint32, uint64, uint (current field type: int) (data type: *validation.MyType)
ellofae-validator2023/02/26 16:41:24 logger.go:14: error: string's length is beyond the limit of min value or max value (current string's length: 10) (data type: *validation.MyType)
ellofae-validator2023/02/26 16:41:24 logger.go:14: %!w(<nil>) (data type: *validation.MyType)
ellofae-validator2023/02/26 16:41:24 logger.go:14: %!w(<nil>) (data type: *validation.MyType)
ellofae-validator2023/02/26 16:41:24 logger.go:14: error: regex expression was not satisfied (data type: *validation.MyType)
ellofae-validator2023/02/26 16:41:24 logger.go:14: error: field cannot be nil because of the non-nil field value requirement (data type: *validation.MyType)
ellofae-validator2023/02/26 16:41:24 logger.go:14: %!w(<nil>) (data type: *validation.MyType)
ellofae-validator2023/02/26 16:42:41 logger.go:14: error: possible values - uint8, uint16, uint32, uint64, uint (current field type: int) (data type: *validation.MyType)
ellofae-validator2023/02/26 16:42:41 logger.go:14: error: string's length is beyond the limit of min value or max value (current string's length: 10) (data type: *validation.MyType)
ellofae-validator2023/02/26 16:42:41 logger.go:14: %!w(<nil>) (data type: *validation.MyType)
ellofae-validator2023/02/26 16:42:41 logger.go:14: %!w(<nil>) (data type: *validation.MyType)
ellofae-validator2023/02/26 16:42:41 logger.go:14: error: regex expression was not satisfied (data type: *validation.MyType)
ellofae-validator2023/02/26 16:42:41 logger.go:14: error: field cannot be nil because of the non-nil field value requirement (data type: *validation.MyType)
ellofae-validator2023/02/26 16:42:41 logger.go:14: %!w(<nil>) (data type: *validation.MyType)
ellofae-validator2023/02/26 16:43:03 logger.go:14: error: possible values - uint8, uint16, uint32, uint64, uint (current field type: int) (data type: *validation.MyType)
ellofae-validator2023/02/26 16:43:03 logger.go:14: error: string's length is beyond the limit of min value or max value (current string's length: 10) (data type: *validation.MyType)
ellofae-validator2023/02/26 16:43:03 logger.go:14: %!w(<nil>) (data type: *validation.MyType)
ellofae-validator2023/02/26 16:43:03 logger.go:14: %!w(<nil>) (data type: *validation.MyType)
ellofae-validator2023/02/26 16:43:03 logger.go:14: error: regex expression was not satisfied (data type: *validation.MyType)
ellofae-validator2023/02/26 16:43:03 logger.go:14: error: field cannot be nil because of the non-nil field value requirement (data type: *validation.MyType)
ellofae-validator2023/02/26 16:43:03 logger.go:14: %!w(<nil>) (data type: *validation.MyType)
ellofae-validator2023/02/26 16:43:16 logger.go:14: error: possible values - uint8, uint16, uint32, uint64, uint (current field type: int) (data type: *validation.MyType)
ellofae-validator2023/02/26 16:43:16 logger.go:14: error: string's length is beyond the limit of min value or max value (current string's length: 10) (data type: *validation.MyType)
ellofae-validator2023/02/26 16:43:16 logger.go:14: %!w(<nil>) (data type: *validation.MyType)
ellofae-validator2023/02/26 16:43:16 logger.go:14: %!w(<nil>) (data type: *validation.MyType)
ellofae-validator2023/02/26 16:43:16 logger.go:14: error: regex expression was not satisfied (data type: *validation.MyType)
ellofae-validator2023/02/26 16:43:16 logger.go:14: error: field cannot be nil because of the non-nil field value requirement (data type: *validation.MyType)
ellofae-validator2023/02/26 16:43:16 logger.go:14: %!w(<nil>) (data type: *validation.MyType)
ellofae-validator2023/02/26 16:44:15 logger.go:14: error: possible values - uint8, uint16, uint32, uint64, uint (current field type: int) (data type: *validation.MyType)
ellofae-validator2023/02/26 16:44:15 logger.go:14: error: string's length is beyond the limit of min value or max value (current string's length: 10) (data type: *validation.MyType)
ellofae-validator2023/02/26 16:44:15 logger.go:14: %!w(<nil>) (data type: *validation.MyType)
ellofae-validator2023/02/26 16:44:15 logger.go:14: %!w(<nil>) (data type: *validation.MyType)
ellofae-validator2023/02/26 16:44:15 logger.go:14: error: regex expression was not satisfied (data type: *validation.MyType)
ellofae-validator2023/02/26 16:44:15 logger.go:14: error: field cannot be nil because of the non-nil field value requirement (data type: *validation.MyType)
ellofae-validator2023/02/26 16:44:15 logger.go:14: %!w(<nil>) (data type: *validation.MyType)
ellofae-validator2023/02/26 16:44:15 logger.go:14: error: data structure has to be defined and not nil (data type: *validation.MyType)
ellofae-validator2023/02/26 16:44:57 logger.go:14: error: possible values - uint8, uint16, uint32, uint64, uint (current field type: int) (data type: *validation.MyType)
ellofae-validator2023/02/26 16:44:57 logger.go:14: error: string's length is beyond the limit of min value or max value (current string's length: 10) (data type: *validation.MyType)
ellofae-validator2023/02/26 16:44:57 logger.go:14: %!w(<nil>) (data type: *validation.MyType)
ellofae-validator2023/02/26 16:44:57 logger.go:14: %!w(<nil>) (data type: *validation.MyType)
ellofae-validator2023/02/26 16:44:57 logger.go:14: error: regex expression was not satisfied (data type: *validation.MyType)
ellofae-validator2023/02/26 16:44:57 logger.go:14: error: field cannot be nil because of the non-nil field value requirement (data type: *validation.MyType)
ellofae-validator2023/02/26 16:44:57 logger.go:14: %!w(<nil>) (data type: *validation.MyType)
ellofae-validator2023/02/26 16:44:57 logger.go:14: error: data structure has to be defined and not nil (data type: *validation.MyType)
ellofae-validator2023/02/26 16:44:57 logger.go:14: %!w(<nil>) (data type: *validation.MyType)
ellofae-validator2023/02/26 16:46:50 logger.go:14: error: possible values - uint8, uint16, uint32, uint64, uint (current field type: int) (data type: *validation.MyType)
ellofae-validator2023/02/26 16:46:50 logger.go:14: error: string's length is beyond the limit of min value or max value (current string's length: 10) (data type: *validation.MyType)
ellofae-validator2023/02/26 16:46:50 logger.go:14: %!w(<nil>) (data type: *validation.MyType)
ellofae-validator2023/02/26 16:46:50 logger.go:14: %!w(<nil>) (data type: *validation.MyType)
ellofae-validator2023/02/26 16:46:50 logger.go:14: error: regex expression was not satisfied (data type: *validation.MyType)
ellofae-validator2023/02/26 16:46:50 logger.go:14: error: field cannot be nil because of the non-nil field value requirement (data type: *validation.MyType)
ellofae-validator2023/02/26 16:46:50 logger.go:14: %!w(<nil>) (data type: *validation.MyType)
ellofae-validator2023/02/26 16:46:50 logger.go:14: error: data structure has to be defined and not nil (data type: *validation.MyType)
ellofae-validator2023/02/26 16:46:50 logger.go:14: %!w(<nil>) (data type: *validation.MyType)
ellofae-validator2023/02/26 16:46:50 logger.go:14: error: data type must be a pointer on struct or nil (data type: validation.MyType)
ellofae-validator2023/02/26 16:47:14 logger.go:14: error: possible values - uint8, uint16, uint32, uint64, uint (current field type: int) (data type: *validation.MyType)
ellofae-validator2023/02/26 16:47:14 logger.go:14: error: string's length is beyond the limit of min value or max value (current string's length: 10) (data type: *validation.MyType)
ellofae-validator2023/02/26 16:47:14 logger.go:14: %!w(<nil>) (data type: *validation.MyType)
ellofae-validator2023/02/26 16:47:14 logger.go:14: %!w(<nil>) (data type: *validation.MyType)
ellofae-validator2023/02/26 16:47:14 logger.go:14: error: regex expression was not satisfied (data type: *validation.MyType)
ellofae-validator2023/02/26 16:47:14 logger.go:14: error: field cannot be nil because of the non-nil field value requirement (data type: *validation.MyType)
ellofae-validator2023/02/26 16:47:14 logger.go:14: %!w(<nil>) (data type: *validation.MyType)
ellofae-validator2023/02/26 16:47:14 logger.go:14: error: data structure has to be defined and not nil (data type: *validation.MyType)
ellofae-validator2023/02/26 16:47:14 logger.go:14: %!w(<nil>) (data type: *validation.MyType)
ellofae-validator2023/02/26 16:47:14 logger.go:14: error: data type must be a pointer on struct or nil (data type: validation.MyType)
ellofae-validator2023/02/26 16:47:14 logger.go:14: error: data structure has to be defined and not nil (data type: *int)
ellofae-validator2023/02/26 16:49:09 logger.go:14: error: possible values - uint8, uint16, uint32, uint64, uint (current field type: int) (data type: *validation.MyType)
ellofae-validator2023/02/26 16:49:09 logger.go:14: error: string's length is beyond the limit of min value or max value (current string's length: 10) (data type: *validation.MyType)
ellofae-validator2023/02/26 16:49:09 logger.go:14: %!w(<nil>) (data type: *validation.MyType)
ellofae-validator2023/02/26 16:49:09 logger.go:14: %!w(<nil>) (data type: *validation.MyType)
ellofae-validator2023/02/26 16:49:09 logger.go:14: error: regex expression was not satisfied (data type: *validation.MyType)
ellofae-validator2023/02/26 16:49:09 logger.go:14: error: field cannot be nil because of the non-nil field value requirement (data type: *validation.MyType)
ellofae-validator2023/02/26 16:49:09 logger.go:14: %!w(<nil>) (data type: *validation.MyType)
ellofae-validator2023/02/26 16:49:09 logger.go:14: error: data structure has to be defined and not nil (data type: *validation.MyType)
ellofae-validator2023/02/26 16:49:09 logger.go:14: %!w(<nil>) (data type: *validation.MyType)
ellofae-validator2023/02/26 16:49:09 logger.go:14: error: data type must be a pointer on struct or nil (data type: validation.MyType)
ellofae-validator2023/02/26 16:49:09 logger.go:14: error: data structure has to be defined and not nil (data type: *int)
ellofae-validator2023/02/26 16:50:43 logger.go:14: error: possible values - uint8, uint16, uint32, uint64, uint (current field type: int) (data type: *validation.MyType)
ellofae-validator2023/02/26 16:50:43 logger.go:14: error: string's length is beyond the limit of min value or max value (current string's length: 10) (data type: *validation.MyType)
ellofae-validator2023/02/26 16:50:43 logger.go:14: %!w(<nil>) (data type: *validation.MyType)
ellofae-validator2023/02/26 16:50:43 logger.go:14: %!w(<nil>) (data type: *validation.MyType)
ellofae-validator2023/02/26 16:50:43 logger.go:14: error: regex expression was not satisfied (data type: *validation.MyType)
ellofae-validator2023/02/26 16:50:43 logger.go:14: error: field cannot be nil because of the non-nil field value requirement (data type: *validation.MyType)
ellofae-validator2023/02/26 16:50:43 logger.go:14: %!w(<nil>) (data type: *validation.MyType)
ellofae-validator2023/02/26 16:50:43 logger.go:14: error: data structure has to be defined and not nil (data type: *validation.MyType)
ellofae-validator2023/02/26 16:50:43 logger.go:14: %!w(<nil>) (data type: *validation.MyType)
ellofae-validator2023/02/26 16:50:43 logger.go:14: error: data type must be a pointer on struct or nil (data type: validation.MyType)
ellofae-validator2023/02/26 16:50:43 logger.go:14: error: data type must be a pointer on struct or nil (data type: int)
ellofae-validator2023/02/26 16:57:18 logger.go:14: error: possible values - uint8, uint16, uint32, uint64, uint (current field type: int) (data type: *validation.MyType)
ellofae-validator2023/02/26 16:57:18 logger.go:14: error: string's length is beyond the limit of min value or max value (current string's length: 10) (data type: *validation.MyType)
ellofae-validator2023/02/26 16:57:18 logger.go:14: %!w(<nil>) (data type: *validation.MyType)
ellofae-validator2023/02/26 16:57:18 logger.go:14: %!w(<nil>) (data type: *validation.MyType)
ellofae-validator2023/02/26 16:57:18 logger.go:14: error: regex expression was not satisfied (data type: *validation.MyType)
ellofae-validator2023/02/26 16:57:18 logger.go:14: error: field cannot be nil because of the non-nil field value requirement (data type: *validation.MyType)
ellofae-validator2023/02/26 16:57:18 logger.go:14: %!w(<nil>) (data type: *validation.MyType)
ellofae-validator2023/02/26 16:57:18 logger.go:14: error: data structure has to be defined and not nil (data type: *validation.MyType)
ellofae-validator2023/02/26 16:57:18 logger.go:14: %!w(<nil>) (data type: *validation.MyType)
ellofae-validator2023/02/26 16:57:18 logger.go:14: error: data type must be a pointer on struct or nil (data type: validation.MyType)
ellofae-validator2023/02/26 16:57:18 logger.go:14: error: data type must be a pointer on struct or nil (data type: int)
ellofae-validator2023/02/26 17:02:06 validate_struct.go:76: *terminated:  error: data type must be a pointer on struct or nil
ellofae-validator2023/02/26 17:02:06 logger.go:14: error: possible values - uint8, uint16, uint32, uint64, uint (current field type: int) (data type: *validation.MyType)
ellofae-validator2023/02/26 17:02:06 logger.go:14: error: string's length is beyond the limit of min value or max value (current string's length: 10) (data type: *validation.MyType)
ellofae-validator2023/02/26 17:02:06 logger.go:14: %!w(<nil>) (data type: *validation.MyType)
ellofae-validator2023/02/26 17:02:06 logger.go:14: %!w(<nil>) (data type: *validation.MyType)
ellofae-validator2023/02/26 17:02:06 logger.go:14: error: regex expression was not satisfied (data type: *validation.MyType)
ellofae-validator2023/02/26 17:02:06 logger.go:14: error: field cannot be nil because of the non-nil field value requirement (data type: *validation.MyType)
ellofae-validator2023/02/26 17:02:06 logger.go:14: %!w(<nil>) (data type: *validation.MyType)
ellofae-validator2023/02/26 17:02:06 logger.go:14: error: data structure has to be defined and not nil (data type: *validation.MyType)
ellofae-validator2023/02/26 17:02:06 logger.go:14: %!w(<nil>) (data type: *validation.MyType)
ellofae-validator2023/02/26 17:02:06 logger.go:14: error: data type must be a pointer on struct or nil (data type: validation.MyType)
ellofae-validator2023/02/26 17:02:06 logger.go:14: error: data type must be a pointer on struct or nil (data type: int)
ellofae-validator2023/02/26 17:03:16 validate_struct.go:76: *terminated:  error: data type must be a pointer on struct or nil
ellofae-validator2023/02/26 17:03:16 validate_struct.go:76: *terminated:  error: data type must be a pointer on struct or nil
ellofae-validator2023/02/26 17:03:16 logger.go:14: error: possible values - uint8, uint16, uint32, uint64, uint (current field type: int) (data type: *validation.MyType)
ellofae-validator2023/02/26 17:03:16 logger.go:14: error: string's length is beyond the limit of min value or max value (current string's length: 10) (data type: *validation.MyType)
ellofae-validator2023/02/26 17:03:16 logger.go:14: %!w(<nil>) (data type: *validation.MyType)
ellofae-validator2023/02/26 17:03:16 logger.go:14: %!w(<nil>) (data type: *validation.MyType)
ellofae-validator2023/02/26 17:03:16 logger.go:14: error: regex expression was not satisfied (data type: *validation.MyType)
ellofae-validator2023/02/26 17:03:16 logger.go:14: error: field cannot be nil because of the non-nil field value requirement (data type: *validation.MyType)
ellofae-validator2023/02/26 17:03:16 logger.go:14: %!w(<nil>) (data type: *validation.MyType)
ellofae-validator2023/02/26 17:03:16 logger.go:14: error: data structure has to be defined and not nil (data type: *validation.MyType)
ellofae-validator2023/02/26 17:03:16 logger.go:14: %!w(<nil>) (data type: *validation.MyType)
ellofae-validator2023/02/26 17:03:16 logger.go:14: error: data type must be a pointer on struct or nil (data type: validation.MyType)
ellofae-validator2023/02/26 17:03:16 logger.go:14: error: data type must be a pointer on struct or nil (data type: int)
ellofae-validator2023/02/26 17:04:38 validate_struct.go:76: *terminated:  error: data type must be a pointer on struct or nil
ellofae-validator2023/02/26 17:04:38 validate_struct.go:76: *terminated:  error: data type must be a pointer on struct or nil
ellofae-validator2023/02/26 17:04:38 validate_struct.go:96: Struct '*validation.MyType' is valid
ellofae-validator2023/02/26 17:04:38 logger.go:14: error: possible values - uint8, uint16, uint32, uint64, uint (current field type: int) (data type: *validation.MyType)
ellofae-validator2023/02/26 17:04:38 logger.go:14: error: string's length is beyond the limit of min value or max value (current string's length: 10) (data type: *validation.MyType)
ellofae-validator2023/02/26 17:04:38 logger.go:14: %!w(<nil>) (data type: *validation.MyType)
ellofae-validator2023/02/26 17:04:38 logger.go:14: %!w(<nil>) (data type: *validation.MyType)
ellofae-validator2023/02/26 17:04:38 logger.go:14: error: regex expression was not satisfied (data type: *validation.MyType)
ellofae-validator2023/02/26 17:04:38 logger.go:14: error: field cannot be nil because of the non-nil field value requirement (data type: *validation.MyType)
ellofae-validator2023/02/26 17:04:38 logger.go:14: %!w(<nil>) (data type: *validation.MyType)
ellofae-validator2023/02/26 17:04:38 logger.go:14: error: data structure has to be defined and not nil (data type: *validation.MyType)
ellofae-validator2023/02/26 17:04:38 logger.go:14: %!w(<nil>) (data type: *validation.MyType)
ellofae-validator2023/02/26 17:04:38 logger.go:14: error: data type must be a pointer on struct or nil (data type: validation.MyType)
ellofae-validator2023/02/26 17:04:38 logger.go:14: error: data type must be a pointer on struct or nil (data type: int)
ellofae-validator2023/02/26 17:06:33 validate_struct.go:76: *terminated:  error: data type must be a pointer on struct or nil
ellofae-validator2023/02/26 17:06:33 validate_struct.go:76: *terminated:  error: data type must be a pointer on struct or nil
ellofae-validator2023/02/26 17:06:33 validate_struct.go:80: *terminated:  error: data structure has to be defined and not nil
ellofae-validator2023/02/26 17:06:33 logger.go:14: error: possible values - uint8, uint16, uint32, uint64, uint (current field type: int) (data type: *validation.MyType)
ellofae-validator2023/02/26 17:06:33 logger.go:14: error: string's length is beyond the limit of min value or max value (current string's length: 10) (data type: *validation.MyType)
ellofae-validator2023/02/26 17:06:33 logger.go:14: %!w(<nil>) (data type: *validation.MyType)
ellofae-validator2023/02/26 17:06:33 logger.go:14: %!w(<nil>) (data type: *validation.MyType)
ellofae-validator2023/02/26 17:06:33 logger.go:14: error: regex expression was not satisfied (data type: *validation.MyType)
ellofae-validator2023/02/26 17:06:33 logger.go:14: error: field cannot be nil because of the non-nil field value requirement (data type: *validation.MyType)
ellofae-validator2023/02/26 17:06:33 logger.go:14: %!w(<nil>) (data type: *validation.MyType)
ellofae-validator2023/02/26 17:06:33 logger.go:14: error: data structure has to be defined and not nil (data type: *validation.MyType)
ellofae-validator2023/02/26 17:06:33 logger.go:14: %!w(<nil>) (data type: *validation.MyType)
ellofae-validator2023/02/26 17:06:33 logger.go:14: error: data type must be a pointer on struct or nil (data type: validation.MyType)
ellofae-validator2023/02/26 17:06:33 logger.go:14: error: data type must be a pointer on struct or nil (data type: int)
ellofae-validator2023/02/26 17:16:59 validate_struct.go:76: *terminated:  error: data type must be a pointer on struct or nil
ellofae-validator2023/02/26 17:16:59 validate_struct.go:76: *terminated:  error: data type must be a pointer on struct or nil
ellofae-validator2023/02/26 17:16:59 validate_struct.go:80: *terminated:  error: data structure has to be defined and not nil
ellofae-validator2023/02/26 17:16:59 logger.go:14: error: possible values - uint8, uint16, uint32, uint64, uint (current field type: int) (data type: *validation.MyType)
ellofae-validator2023/02/26 17:16:59 logger.go:14: error: string's length is beyond the limit of min value or max value (current string's length: 10) (data type: *validation.MyType)
ellofae-validator2023/02/26 17:16:59 logger.go:14: %!w(<nil>) (data type: *validation.MyType)
ellofae-validator2023/02/26 17:16:59 logger.go:14: %!w(<nil>) (data type: *validation.MyType)
ellofae-validator2023/02/26 17:16:59 logger.go:14: error: regex expression was not satisfied (data type: *validation.MyType)
ellofae-validator2023/02/26 17:16:59 logger.go:14: error: field cannot be nil because of the non-nil field value requirement (data type: *validation.MyType)
ellofae-validator2023/02/26 17:16:59 logger.go:14: %!w(<nil>) (data type: *validation.MyType)
ellofae-validator2023/02/26 17:16:59 logger.go:14: error: data structure has to be defined and not nil (data type: *validation.MyType)
ellofae-validator2023/02/26 17:16:59 logger.go:14: %!w(<nil>) (data type: *validation.MyType)
ellofae-validator2023/02/26 17:16:59 logger.go:14: error: data type must be a pointer on struct or nil (data type: validation.MyType)
ellofae-validator2023/02/26 17:16:59 logger.go:14: error: data type must be a pointer on struct or nil (data type: int)
ellofae-validator2023/02/26 17:16:59 logger.go:14: error: data type must be a pointer on struct or nil (data type: int)
ellofae-validator2023/02/26 17:16:59 logger.go:14: error: data structure has to be defined and not nil (data type: *validation.MyType)
ellofae-validator2023/02/26 17:17:45 validate_struct.go:76: *terminated:  error: data type must be a pointer on struct or nil
ellofae-validator2023/02/26 17:17:45 validate_struct.go:76: *terminated:  error: data type must be a pointer on struct or nil
ellofae-validator2023/02/26 17:17:45 validate_struct.go:80: *terminated:  error: data structure has to be defined and not nil
ellofae-validator2023/02/26 17:17:45 logger.go:14: error: possible values - uint8, uint16, uint32, uint64, uint (current field type: int) (data type: *validation.MyType)
ellofae-validator2023/02/26 17:17:45 logger.go:14: error: string's length is beyond the limit of min value or max value (current string's length: 10) (data type: *validation.MyType)
ellofae-validator2023/02/26 17:17:45 logger.go:14: %!w(<nil>) (data type: *validation.MyType)
ellofae-validator2023/02/26 17:17:45 logger.go:14: %!w(<nil>) (data type: *validation.MyType)
ellofae-validator2023/02/26 17:17:45 logger.go:14: error: regex expression was not satisfied (data type: *validation.MyType)
ellofae-validator2023/02/26 17:17:45 logger.go:14: error: field cannot be nil because of the non-nil field value requirement (data type: *validation.MyType)
ellofae-validator2023/02/26 17:17:45 logger.go:14: %!w(<nil>) (data type: *validation.MyType)
ellofae-validator2023/02/26 17:17:45 logger.go:14: error: data structure has to be defined and not nil (data type: *validation.MyType)
ellofae-validator2023/02/26 17:17:45 logger.go:14: %!w(<nil>) (data type: *validation.MyType)
ellofae-validator2023/02/26 17:17:45 logger.go:14: error: data type must be a pointer on struct or nil (data type: validation.MyType)
ellofae-validator2023/02/26 17:17:45 logger.go:14: error: data type must be a pointer on struct or nil (data type: int)
ellofae-validator2023/02/26 17:17:45 logger.go:14: error: data type must be a pointer on struct or nil (data type: int)
ellofae-validator2023/02/26 17:17:45 logger.go:14: error: data structure has to be defined and not nil (data type: *validation.MyType)
ellofae-validator2023/02/26 17:19:57 validate_struct.go:76: *terminated:  error: data type must be a pointer on struct or nil
ellofae-validator2023/02/26 17:19:57 validate_struct.go:76: *terminated:  error: data type must be a pointer on struct or nil
ellofae-validator2023/02/26 17:19:57 validate_struct.go:80: *terminated:  error: data structure has to be defined and not nil
ellofae-validator2023/02/26 17:19:57 logger.go:14: error: possible values - uint8, uint16, uint32, uint64, uint (current field type: int) (data type: *validation.MyType)
ellofae-validator2023/02/26 17:19:57 logger.go:14: error: string's length is beyond the limit of min value or max value (current string's length: 10) (data type: *validation.MyType)
ellofae-validator2023/02/26 17:19:57 logger.go:14: %!w(<nil>) (data type: *validation.MyType)
ellofae-validator2023/02/26 17:19:57 logger.go:14: %!w(<nil>) (data type: *validation.MyType)
ellofae-validator2023/02/26 17:19:57 logger.go:14: error: regex expression was not satisfied (data type: *validation.MyType)
ellofae-validator2023/02/26 17:19:57 logger.go:14: error: field cannot be nil because of the non-nil field value requirement (data type: *validation.MyType)
ellofae-validator2023/02/26 17:19:57 logger.go:14: %!w(<nil>) (data type: *validation.MyType)
ellofae-validator2023/02/26 17:19:57 logger.go:14: error: data structure has to be defined and not nil (data type: *validation.MyType)
ellofae-validator2023/02/26 17:19:57 logger.go:14: %!w(<nil>) (data type: *validation.MyType)
ellofae-validator2023/02/26 17:19:57 logger.go:14: error: data type must be a pointer on struct or nil (data type: validation.MyType)
ellofae-validator2023/02/26 17:19:57 logger.go:14: error: data type must be a pointer on struct or nil (data type: int)
ellofae-validator2023/02/26 17:19:57 logger.go:14: error: data type must be a pointer on struct or nil (data type: int)
ellofae-validator2023/02/26 17:19:57 logger.go:14: error: data structure has to be defined and not nil (data type: *validation.MyType)
ellofae-validator2023/02/26 17:19:57 logger.go:14: error: possible values - uint8, uint16, uint32, uint64, uint (current field type: int) (data type: *validation.MyType)
ellofae-validator2023/02/26 17:20:44 validate_struct.go:76: *terminated:  error: data type must be a pointer on struct or nil
ellofae-validator2023/02/26 17:20:44 validate_struct.go:76: *terminated:  error: data type must be a pointer on struct or nil
ellofae-validator2023/02/26 17:20:44 validate_struct.go:80: *terminated:  error: data structure has to be defined and not nil
ellofae-validator2023/02/26 17:20:44 logger.go:14: error: possible values - uint8, uint16, uint32, uint64, uint (current field type: int) (data type: *validation.MyType)
ellofae-validator2023/02/26 17:20:44 logger.go:14: error: string's length is beyond the limit of min value or max value (current string's length: 10) (data type: *validation.MyType)
ellofae-validator2023/02/26 17:20:44 logger.go:14: %!w(<nil>) (data type: *validation.MyType)
ellofae-validator2023/02/26 17:20:44 logger.go:14: %!w(<nil>) (data type: *validation.MyType)
ellofae-validator2023/02/26 17:20:44 logger.go:14: error: regex expression was not satisfied (data type: *validation.MyType)
ellofae-validator2023/02/26 17:20:44 logger.go:14: error: field cannot be nil because of the non-nil field value requirement (data type: *validation.MyType)
ellofae-validator2023/02/26 17:20:44 logger.go:14: %!w(<nil>) (data type: *validation.MyType)
ellofae-validator2023/02/26 17:20:44 logger.go:14: error: data structure has to be defined and not nil (data type: *validation.MyType)
ellofae-validator2023/02/26 17:20:44 logger.go:14: %!w(<nil>) (data type: *validation.MyType)
ellofae-validator2023/02/26 17:20:44 logger.go:14: error: data type must be a pointer on struct or nil (data type: validation.MyType)
ellofae-validator2023/02/26 17:20:44 logger.go:14: error: data type must be a pointer on struct or nil (data type: int)
ellofae-validator2023/02/26 17:20:44 logger.go:14: error: data type must be a pointer on struct or nil (data type: int)
ellofae-validator2023/02/26 17:20:44 logger.go:14: error: data structure has to be defined and not nil (data type: *validation.MyType)
ellofae-validator2023/02/26 17:21:22 validate_struct.go:76: *terminated:  error: data type must be a pointer on struct or nil
ellofae-validator2023/02/26 17:21:22 validate_struct.go:76: *terminated:  error: data type must be a pointer on struct or nil
ellofae-validator2023/02/26 17:21:22 validate_struct.go:80: *terminated:  error: data structure has to be defined and not nil
ellofae-validator2023/02/26 17:21:22 validate_struct.go:87: error: possible values - uint8, uint16, uint32, uint64, uint (current field type: int)
ellofae-validator2023/02/26 17:21:22 validate_struct.go:93: Struct '*validation.MyType' is NOT valid
ellofae-validator2023/02/26 17:21:22 logger.go:14: error: possible values - uint8, uint16, uint32, uint64, uint (current field type: int) (data type: *validation.MyType)
ellofae-validator2023/02/26 17:21:22 logger.go:14: error: string's length is beyond the limit of min value or max value (current string's length: 10) (data type: *validation.MyType)
ellofae-validator2023/02/26 17:21:22 logger.go:14: %!w(<nil>) (data type: *validation.MyType)
ellofae-validator2023/02/26 17:21:22 logger.go:14: %!w(<nil>) (data type: *validation.MyType)
ellofae-validator2023/02/26 17:21:22 logger.go:14: error: regex expression was not satisfied (data type: *validation.MyType)
ellofae-validator2023/02/26 17:21:22 logger.go:14: error: field cannot be nil because of the non-nil field value requirement (data type: *validation.MyType)
ellofae-validator2023/02/26 17:21:22 logger.go:14: %!w(<nil>) (data type: *validation.MyType)
ellofae-validator2023/02/26 17:21:22 logger.go:14: error: data structure has to be defined and not nil (data type: *validation.MyType)
ellofae-validator2023/02/26 17:21:22 logger.go:14: %!w(<nil>) (data type: *validation.MyType)
ellofae-validator2023/02/26 17:21:22 logger.go:14: error: data type must be a pointer on struct or nil (data type: validation.MyType)
ellofae-validator2023/02/26 17:21:22 logger.go:14: error: data type must be a pointer on struct or nil (data type: int)
ellofae-validator2023/02/26 17:21:22 logger.go:14: error: data type must be a pointer on struct or nil (data type: int)
ellofae-validator2023/02/26 17:21:22 logger.go:14: error: data structure has to be defined and not nil (data type: *validation.MyType)
ellofae-validator2023/02/26 17:22:05 validate_struct.go:76: *terminated:  error: data type must be a pointer on struct or nil
ellofae-validator2023/02/26 17:22:05 validate_struct.go:76: *terminated:  error: data type must be a pointer on struct or nil
ellofae-validator2023/02/26 17:22:05 validate_struct.go:80: *terminated:  error: data structure has to be defined and not nil
ellofae-validator2023/02/26 17:22:05 validate_struct.go:87: error: possible values - uint8, uint16, uint32, uint64, uint (current field type: int)
ellofae-validator2023/02/26 17:22:05 validate_struct.go:93: Struct '*validation.MyType' is NOT valid
ellofae-validator2023/02/26 17:22:05 validate_struct.go:96: Struct '*validation.MyType' is valid
ellofae-validator2023/02/26 17:22:05 logger.go:14: error: possible values - uint8, uint16, uint32, uint64, uint (current field type: int) (data type: *validation.MyType)
ellofae-validator2023/02/26 17:22:05 logger.go:14: error: string's length is beyond the limit of min value or max value (current string's length: 10) (data type: *validation.MyType)
ellofae-validator2023/02/26 17:22:05 logger.go:14: %!w(<nil>) (data type: *validation.MyType)
ellofae-validator2023/02/26 17:22:05 logger.go:14: %!w(<nil>) (data type: *validation.MyType)
ellofae-validator2023/02/26 17:22:05 logger.go:14: error: regex expression was not satisfied (data type: *validation.MyType)
ellofae-validator2023/02/26 17:22:05 logger.go:14: error: field cannot be nil because of the non-nil field value requirement (data type: *validation.MyType)
ellofae-validator2023/02/26 17:22:05 logger.go:14: %!w(<nil>) (data type: *validation.MyType)
ellofae-validator2023/02/26 17:22:05 logger.go:14: error: data structure has to be defined and not nil (data type: *validation.MyType)
ellofae-validator2023/02/26 17:22:05 logger.go:14: %!w(<nil>) (data type: *validation.MyType)
ellofae-validator2023/02/26 17:22:05 logger.go:14: error: data type must be a pointer on struct or nil (data type: validation.MyType)
ellofae-validator2023/02/26 17:22:05 logger.go:14: error: data type must be a pointer on struct or nil (data type: int)
ellofae-validator2023/02/26 17:22:05 logger.go:14: error: data type must be a pointer on struct or nil (data type: int)
ellofae-validator2023/02/26 17:22:05 logger.go:14: error: data structure has to be defined and not nil (data type: *validation.MyType)
ellofae-validator2023/02/26 17:22:11 validate_struct.go:76: *terminated:  error: data type must be a pointer on struct or nil
ellofae-validator2023/02/26 17:22:11 validate_struct.go:76: *terminated:  error: data type must be a pointer on struct or nil
ellofae-validator2023/02/26 17:22:11 validate_struct.go:80: *terminated:  error: data structure has to be defined and not nil
ellofae-validator2023/02/26 17:22:11 validate_struct.go:87: error: possible values - uint8, uint16, uint32, uint64, uint (current field type: int)
ellofae-validator2023/02/26 17:22:11 validate_struct.go:93: Struct '*validation.MyType' is NOT valid
ellofae-validator2023/02/26 17:22:11 validate_struct.go:96: Struct '*validation.MyType' is valid
ellofae-validator2023/02/26 17:22:11 logger.go:14: error: possible values - uint8, uint16, uint32, uint64, uint (current field type: int) (data type: *validation.MyType)
ellofae-validator2023/02/26 17:22:11 logger.go:14: error: string's length is beyond the limit of min value or max value (current string's length: 10) (data type: *validation.MyType)
ellofae-validator2023/02/26 17:22:11 logger.go:14: %!w(<nil>) (data type: *validation.MyType)
ellofae-validator2023/02/26 17:22:11 logger.go:14: %!w(<nil>) (data type: *validation.MyType)
ellofae-validator2023/02/26 17:22:11 logger.go:14: error: regex expression was not satisfied (data type: *validation.MyType)
ellofae-validator2023/02/26 17:22:11 logger.go:14: error: field cannot be nil because of the non-nil field value requirement (data type: *validation.MyType)
ellofae-validator2023/02/26 17:22:11 logger.go:14: %!w(<nil>) (data type: *validation.MyType)
ellofae-validator2023/02/26 17:22:11 logger.go:14: error: data structure has to be defined and not nil (data type: *validation.MyType)
ellofae-validator2023/02/26 17:22:11 logger.go:14: %!w(<nil>) (data type: *validation.MyType)
ellofae-validator2023/02/26 17:22:11 logger.go:14: error: data type must be a pointer on struct or nil (data type: validation.MyType)
ellofae-validator2023/02/26 17:22:11 logger.go:14: error: data type must be a pointer on struct or nil (data type: int)
ellofae-validator2023/02/26 17:22:11 logger.go:14: error: data type must be a pointer on struct or nil (data type: int)
ellofae-validator2023/02/26 17:22:11 logger.go:14: error: data structure has to be defined and not nil (data type: *validation.MyType)
ellofae-validator2023/02/26 17:22:26 validate_struct.go:76: *terminated:  error: data type must be a pointer on struct or nil
ellofae-validator2023/02/26 17:22:26 validate_struct.go:76: *terminated:  error: data type must be a pointer on struct or nil
ellofae-validator2023/02/26 17:22:26 validate_struct.go:80: *terminated:  error: data structure has to be defined and not nil
ellofae-validator2023/02/26 17:22:26 validate_struct.go:87: error: possible values - uint8, uint16, uint32, uint64, uint (current field type: int)
ellofae-validator2023/02/26 17:22:26 validate_struct.go:93: Struct '*validation.MyType' is NOT valid
ellofae-validator2023/02/26 17:22:26 validate_struct.go:96: Struct '*validation.MyType' is valid
ellofae-validator2023/02/26 17:22:26 logger.go:14: error: possible values - uint8, uint16, uint32, uint64, uint (current field type: int) (data type: *validation.MyType)
ellofae-validator2023/02/26 17:22:26 logger.go:14: error: string's length is beyond the limit of min value or max value (current string's length: 10) (data type: *validation.MyType)
ellofae-validator2023/02/26 17:22:26 logger.go:14: %!w(<nil>) (data type: *validation.MyType)
ellofae-validator2023/02/26 17:22:26 logger.go:14: %!w(<nil>) (data type: *validation.MyType)
ellofae-validator2023/02/26 17:22:26 logger.go:14: error: regex expression was not satisfied (data type: *validation.MyType)
ellofae-validator2023/02/26 17:22:26 logger.go:14: error: field cannot be nil because of the non-nil field value requirement (data type: *validation.MyType)
ellofae-validator2023/02/26 17:22:26 logger.go:14: %!w(<nil>) (data type: *validation.MyType)
ellofae-validator2023/02/26 17:22:26 logger.go:14: error: data structure has to be defined and not nil (data type: *validation.MyType)
ellofae-validator2023/02/26 17:22:26 logger.go:14: %!w(<nil>) (data type: *validation.MyType)
ellofae-validator2023/02/26 17:22:26 logger.go:14: error: data type must be a pointer on struct or nil (data type: validation.MyType)
ellofae-validator2023/02/26 17:22:26 logger.go:14: error: data type must be a pointer on struct or nil (data type: int)
ellofae-validator2023/02/26 17:22:26 logger.go:14: error: data type must be a pointer on struct or nil (data type: int)
ellofae-validator2023/02/26 17:22:26 logger.go:14: error: data structure has to be defined and not nil (data type: *validation.MyType)
